生成启动时间为 2015/12/11 15:56:28。
     1>项目“C:\Users\asus1\Desktop\作业\数据结构作业\03.哈夫曼树\哈夫曼树\哈夫曼树\哈夫曼树.vcxproj”在节点 2 上(build 个目标)。
     1>InitializeBuildStatus:
         正在创建“Debug\哈夫曼树.unsuccessfulbuild”，因为已指定“AlwaysCreate”。
       ClCompile:
         g:\Microsoft Visual Studio 10.0\VC\bin\CL.exe /c /ZI /nologo /W3 /WX- /Od /Oy- /D WIN32 /D _DEBUG /D _CONSOLE /D _UNICODE /D UNICODE /Gm /EHsc /RTC1 /MDd /GS /fp:precise /Zc:wchar_t /Zc:forScope /Fo"Debug\\" /Fd"Debug\vc100.pdb" /Gd /TP /analyze- /errorReport:prompt HuffmanTree.cpp main.cpp
         HuffmanTree.cpp
     1>c:\users\asus1\desktop\作业\数据结构作业\03.哈夫曼树\哈夫曼树\哈夫曼树\huffmantree.cpp(131): warning C4996: 'strcpy': This function or variable may be unsafe. Consider using strcpy_s instead. To disable deprecation, use _CRT_SECURE_NO_WARNINGS. See online help for details.
                 g:\microsoft visual studio 10.0\vc\include\string.h(105) : 参见“strcpy”的声明
         正在生成代码...
         正在编译...
         main.cpp
         正在生成代码...
       ManifestResourceCompile:
         所有输出均为最新。
       Link:
         g:\Microsoft Visual Studio 10.0\VC\bin\link.exe /ERRORREPORT:PROMPT /OUT:"C:\Users\asus1\Desktop\作业\数据结构作业\03.哈夫曼树\哈夫曼树\Debug\哈夫曼树.exe" /INCREMENTAL /NOLOGO kernel32.lib user32.lib gdi32.lib winspool.lib comdlg32.lib advapi32.lib shell32.lib ole32.lib oleaut32.lib uuid.lib odbc32.lib odbccp32.lib /MANIFEST /ManifestFile:"Debug\哈夫曼树.exe.intermediate.manifest" /MANIFESTUAC:"level='asInvoker' uiAccess='false'" /DEBUG /PDB:"C:\Users\asus1\Desktop\作业\数据结构作业\03.哈夫曼树\哈夫曼树\Debug\哈夫曼树.pdb" /SUBSYSTEM:CONSOLE /TLBID:1 /DYNAMICBASE /NXCOMPAT /IMPLIB:"C:\Users\asus1\Desktop\作业\数据结构作业\03.哈夫曼树\哈夫曼树\Debug\哈夫曼树.lib" /MACHINE:X86 "Debug\哈夫曼树.exe.embed.manifest.res"
         Debug\HuffmanTree.obj
         Debug\main.obj
       Manifest:
         C:\Program Files (x86)\Microsoft SDKs\Windows\v7.0A\bin\mt.exe /nologo /verbose /out:"Debug\哈夫曼树.exe.embed.manifest" /manifest "Debug\哈夫曼树.exe.intermediate.manifest"
         所有输出均为最新。
       LinkEmbedManifest:
         所有输出均为最新。
         哈夫曼树.vcxproj -> C:\Users\asus1\Desktop\作业\数据结构作业\03.哈夫曼树\哈夫曼树\Debug\哈夫曼树.exe
       FinalizeBuildStatus:
         正在删除文件“Debug\哈夫曼树.unsuccessfulbuild”。
         正在对“Debug\哈夫曼树.lastbuildstate”执行 Touch 任务。
     1>已完成生成项目“C:\Users\asus1\Desktop\作业\数据结构作业\03.哈夫曼树\哈夫曼树\哈夫曼树\哈夫曼树.vcxproj”(build 个目标)的操作。

生成成功。

已用时间 00:00:01.20
