C:\USERS\ASUS1\DESKTOP\作业\数据结构作业\03.哈夫曼树\哈夫曼树\DEBUG\哈夫曼树.EXE
C:\USERS\ASUS1\DESKTOP\作业\数据结构作业\03.哈夫曼树\哈夫曼树\DEBUG\哈夫曼树.ILK
C:\USERS\ASUS1\DESKTOP\作业\数据结构作业\03.哈夫曼树\哈夫曼树\DEBUG\哈夫曼树.PDB
C:\Users\asus1\Desktop\作业\数据结构作业\03.哈夫曼树\哈夫曼树\哈夫曼树\Debug\cl.command.1.tlog
C:\Users\asus1\Desktop\作业\数据结构作业\03.哈夫曼树\哈夫曼树\哈夫曼树\Debug\CL.read.1.tlog
C:\Users\asus1\Desktop\作业\数据结构作业\03.哈夫曼树\哈夫曼树\哈夫曼树\Debug\CL.write.1.tlog
C:\USERS\ASUS1\DESKTOP\作业\数据结构作业\03.哈夫曼树\哈夫曼树\哈夫曼树\DEBUG\HUFFMANTREE.OBJ
C:\Users\asus1\Desktop\作业\数据结构作业\03.哈夫曼树\哈夫曼树\哈夫曼树\Debug\link.4740.read.1.tlog
C:\Users\asus1\Desktop\作业\数据结构作业\03.哈夫曼树\哈夫曼树\哈夫曼树\Debug\link.4740.write.1.tlog
C:\Users\asus1\Desktop\作业\数据结构作业\03.哈夫曼树\哈夫曼树\哈夫曼树\Debug\link.4740-cvtres.read.1.tlog
C:\Users\asus1\Desktop\作业\数据结构作业\03.哈夫曼树\哈夫曼树\哈夫曼树\Debug\link.4740-cvtres.write.1.tlog
C:\Users\asus1\Desktop\作业\数据结构作业\03.哈夫曼树\哈夫曼树\哈夫曼树\Debug\link.command.1.tlog
C:\Users\asus1\Desktop\作业\数据结构作业\03.哈夫曼树\哈夫曼树\哈夫曼树\Debug\link.read.1.tlog
C:\Users\asus1\Desktop\作业\数据结构作业\03.哈夫曼树\哈夫曼树\哈夫曼树\Debug\link.write.1.tlog
C:\Users\asus1\Desktop\作业\数据结构作业\03.哈夫曼树\哈夫曼树\哈夫曼树\Debug\link-cvtres.read.1.tlog
C:\Users\asus1\Desktop\作业\数据结构作业\03.哈夫曼树\哈夫曼树\哈夫曼树\Debug\link-cvtres.write.1.tlog
C:\USERS\ASUS1\DESKTOP\作业\数据结构作业\03.哈夫曼树\哈夫曼树\哈夫曼树\DEBUG\MAIN.OBJ
C:\Users\asus1\Desktop\作业\数据结构作业\03.哈夫曼树\哈夫曼树\哈夫曼树\Debug\mt.command.1.tlog
C:\Users\asus1\Desktop\作业\数据结构作业\03.哈夫曼树\哈夫曼树\哈夫曼树\Debug\mt.read.1.tlog
C:\Users\asus1\Desktop\作业\数据结构作业\03.哈夫曼树\哈夫曼树\哈夫曼树\Debug\mt.write.1.tlog
C:\Users\asus1\Desktop\作业\数据结构作业\03.哈夫曼树\哈夫曼树\哈夫曼树\Debug\rc.command.1.tlog
C:\Users\asus1\Desktop\作业\数据结构作业\03.哈夫曼树\哈夫曼树\哈夫曼树\Debug\rc.read.1.tlog
C:\Users\asus1\Desktop\作业\数据结构作业\03.哈夫曼树\哈夫曼树\哈夫曼树\Debug\rc.write.1.tlog
C:\Users\asus1\Desktop\作业\数据结构作业\03.哈夫曼树\哈夫曼树\哈夫曼树\Debug\vc100.idb
C:\USERS\ASUS1\DESKTOP\作业\数据结构作业\03.哈夫曼树\哈夫曼树\哈夫曼树\DEBUG\VC100.PDB
C:\USERS\ASUS1\DESKTOP\作业\数据结构作业\03.哈夫曼树\哈夫曼树\哈夫曼树\DEBUG\哈夫曼树.EXE.EMBED.MANIFEST
C:\USERS\ASUS1\DESKTOP\作业\数据结构作业\03.哈夫曼树\哈夫曼树\哈夫曼树\DEBUG\哈夫曼树.EXE.EMBED.MANIFEST.RES
C:\USERS\ASUS1\DESKTOP\作业\数据结构作业\03.哈夫曼树\哈夫曼树\哈夫曼树\DEBUG\哈夫曼树.EXE.INTERMEDIATE.MANIFEST
C:\Users\asus1\Desktop\作业\数据结构作业\03.哈夫曼树\哈夫曼树\哈夫曼树\Debug\哈夫曼树.write.1.tlog
C:\Users\asus1\Desktop\作业\数据结构作业\03.哈夫曼树\哈夫曼树\哈夫曼树\Debug\哈夫曼树_manifest.rc
