C:\Users\Administrator\Desktop\系统类四\Debug\系统类四.exe
C:\Users\Administrator\Desktop\系统类四\Debug\系统类四.ilk
C:\Users\Administrator\Desktop\系统类四\Debug\系统类四.pdb
C:\Users\Administrator\Desktop\系统类四\系统类四\Debug\cl.command.1.tlog
C:\Users\Administrator\Desktop\系统类四\系统类四\Debug\CL.read.1.tlog
C:\Users\Administrator\Desktop\系统类四\系统类四\Debug\CL.write.1.tlog
C:\Users\Administrator\Desktop\系统类四\系统类四\Debug\link.5640.read.1.tlog
C:\Users\Administrator\Desktop\系统类四\系统类四\Debug\link.5640.write.1.tlog
C:\Users\Administrator\Desktop\系统类四\系统类四\Debug\link.5640-cvtres.read.1.tlog
C:\Users\Administrator\Desktop\系统类四\系统类四\Debug\link.5640-cvtres.write.1.tlog
C:\Users\Administrator\Desktop\系统类四\系统类四\Debug\link.command.1.tlog
C:\Users\Administrator\Desktop\系统类四\系统类四\Debug\link.read.1.tlog
C:\Users\Administrator\Desktop\系统类四\系统类四\Debug\link.write.1.tlog
C:\Users\Administrator\Desktop\系统类四\系统类四\Debug\link-cvtres.read.1.tlog
C:\Users\Administrator\Desktop\系统类四\系统类四\Debug\link-cvtres.write.1.tlog
C:\Users\Administrator\Desktop\系统类四\系统类四\Debug\main.obj
C:\Users\Administrator\Desktop\系统类四\系统类四\Debug\mt.command.1.tlog
C:\Users\Administrator\Desktop\系统类四\系统类四\Debug\mt.read.1.tlog
C:\Users\Administrator\Desktop\系统类四\系统类四\Debug\mt.write.1.tlog
C:\Users\Administrator\Desktop\系统类四\系统类四\Debug\rc.command.1.tlog
C:\Users\Administrator\Desktop\系统类四\系统类四\Debug\rc.read.1.tlog
C:\Users\Administrator\Desktop\系统类四\系统类四\Debug\rc.write.1.tlog
C:\Users\Administrator\Desktop\系统类四\系统类四\Debug\student.obj
C:\Users\Administrator\Desktop\系统类四\系统类四\Debug\vc100.idb
C:\Users\Administrator\Desktop\系统类四\系统类四\Debug\vc100.pdb
C:\Users\Administrator\Desktop\系统类四\系统类四\Debug\系统类四.exe.embed.manifest
C:\Users\Administrator\Desktop\系统类四\系统类四\Debug\系统类四.exe.embed.manifest.res
C:\Users\Administrator\Desktop\系统类四\系统类四\Debug\系统类四.exe.intermediate.manifest
C:\Users\Administrator\Desktop\系统类四\系统类四\Debug\系统类四.vcxprojResolveAssemblyReference.cache
C:\Users\Administrator\Desktop\系统类四\系统类四\Debug\系统类四.write.1.tlog
C:\Users\Administrator\Desktop\系统类四\系统类四\Debug\系统类四_manifest.rc
C:\USERS\ASUS1\DESKTOP\系统类四\DEBUG\系统类四.EXE
C:\USERS\ASUS1\DESKTOP\系统类四\DEBUG\系统类四.ILK
C:\USERS\ASUS1\DESKTOP\系统类四\DEBUG\系统类四.PDB
C:\USERS\ASUS1\DESKTOP\系统类四\系统类四\DEBUG\MAIN.OBJ
C:\USERS\ASUS1\DESKTOP\系统类四\系统类四\DEBUG\STUDENT.OBJ
C:\USERS\ASUS1\DESKTOP\系统类四\系统类四\DEBUG\VC100.PDB
C:\USERS\ASUS1\DESKTOP\系统类四\系统类四\DEBUG\系统类四.EXE.EMBED.MANIFEST
C:\USERS\ASUS1\DESKTOP\系统类四\系统类四\DEBUG\系统类四.EXE.EMBED.MANIFEST.RES
C:\USERS\ASUS1\DESKTOP\系统类四\系统类四\DEBUG\系统类四.EXE.INTERMEDIATE.MANIFEST
