C:\USERS\ASUS1\DESKTOP\数学类四\DEBUG\数学类四.EXE
C:\USERS\ASUS1\DESKTOP\数学类四\DEBUG\数学类四.ILK
C:\USERS\ASUS1\DESKTOP\数学类四\DEBUG\数学类四.PDB
C:\Users\asus1\Desktop\数学类四\数学类四\Debug\cl.command.1.tlog
C:\Users\asus1\Desktop\数学类四\数学类四\Debug\CL.read.1.tlog
C:\Users\asus1\Desktop\数学类四\数学类四\Debug\CL.write.1.tlog
C:\Users\asus1\Desktop\数学类四\数学类四\Debug\link.1072.read.1.tlog
C:\Users\asus1\Desktop\数学类四\数学类四\Debug\link.1072.write.1.tlog
C:\Users\asus1\Desktop\数学类四\数学类四\Debug\link.1072-cvtres.read.1.tlog
C:\Users\asus1\Desktop\数学类四\数学类四\Debug\link.1072-cvtres.write.1.tlog
C:\Users\asus1\Desktop\数学类四\数学类四\Debug\link.command.1.tlog
C:\Users\asus1\Desktop\数学类四\数学类四\Debug\link.read.1.tlog
C:\Users\asus1\Desktop\数学类四\数学类四\Debug\link.write.1.tlog
C:\Users\asus1\Desktop\数学类四\数学类四\Debug\link-cvtres.read.1.tlog
C:\Users\asus1\Desktop\数学类四\数学类四\Debug\link-cvtres.write.1.tlog
C:\USERS\ASUS1\DESKTOP\数学类四\数学类四\DEBUG\MAIN.OBJ
C:\USERS\ASUS1\DESKTOP\数学类四\数学类四\DEBUG\MATRIX.OBJ
C:\Users\asus1\Desktop\数学类四\数学类四\Debug\mt.command.1.tlog
C:\Users\asus1\Desktop\数学类四\数学类四\Debug\mt.read.1.tlog
C:\Users\asus1\Desktop\数学类四\数学类四\Debug\mt.write.1.tlog
C:\Users\asus1\Desktop\数学类四\数学类四\Debug\rc.command.1.tlog
C:\Users\asus1\Desktop\数学类四\数学类四\Debug\rc.read.1.tlog
C:\Users\asus1\Desktop\数学类四\数学类四\Debug\rc.write.1.tlog
C:\Users\asus1\Desktop\数学类四\数学类四\Debug\vc100.idb
C:\USERS\ASUS1\DESKTOP\数学类四\数学类四\DEBUG\VC100.PDB
C:\USERS\ASUS1\DESKTOP\数学类四\数学类四\DEBUG\数学类四.EXE.EMBED.MANIFEST
C:\USERS\ASUS1\DESKTOP\数学类四\数学类四\DEBUG\数学类四.EXE.EMBED.MANIFEST.RES
C:\USERS\ASUS1\DESKTOP\数学类四\数学类四\DEBUG\数学类四.EXE.INTERMEDIATE.MANIFEST
C:\Users\asus1\Desktop\数学类四\数学类四\Debug\数学类四.vcxprojResolveAssemblyReference.cache
C:\Users\asus1\Desktop\数学类四\数学类四\Debug\数学类四.write.1.tlog
C:\Users\asus1\Desktop\数学类四\数学类四\Debug\数学类四_manifest.rc
