C:\USERS\ADMINISTRATOR\DESKTOP\游戏类二\DEBUG\游戏类二.EXE
C:\USERS\ADMINISTRATOR\DESKTOP\游戏类二\DEBUG\游戏类二.ILK
C:\USERS\ADMINISTRATOR\DESKTOP\游戏类二\DEBUG\游戏类二.PDB
C:\Users\Administrator\Desktop\游戏类二\游戏类二\Debug\cl.command.1.tlog
C:\Users\Administrator\Desktop\游戏类二\游戏类二\Debug\CL.read.1.tlog
C:\Users\Administrator\Desktop\游戏类二\游戏类二\Debug\CL.write.1.tlog
C:\Users\Administrator\Desktop\游戏类二\游戏类二\Debug\link.2408.read.1.tlog
C:\Users\Administrator\Desktop\游戏类二\游戏类二\Debug\link.2408.write.1.tlog
C:\Users\Administrator\Desktop\游戏类二\游戏类二\Debug\link.2408-cvtres.read.1.tlog
C:\Users\Administrator\Desktop\游戏类二\游戏类二\Debug\link.2408-cvtres.write.1.tlog
C:\Users\Administrator\Desktop\游戏类二\游戏类二\Debug\link.command.1.tlog
C:\Users\Administrator\Desktop\游戏类二\游戏类二\Debug\link.read.1.tlog
C:\Users\Administrator\Desktop\游戏类二\游戏类二\Debug\link.write.1.tlog
C:\Users\Administrator\Desktop\游戏类二\游戏类二\Debug\link-cvtres.read.1.tlog
C:\Users\Administrator\Desktop\游戏类二\游戏类二\Debug\link-cvtres.write.1.tlog
C:\USERS\ADMINISTRATOR\DESKTOP\游戏类二\游戏类二\DEBUG\MAIN.OBJ
C:\Users\Administrator\Desktop\游戏类二\游戏类二\Debug\mt.command.1.tlog
C:\Users\Administrator\Desktop\游戏类二\游戏类二\Debug\mt.read.1.tlog
C:\Users\Administrator\Desktop\游戏类二\游戏类二\Debug\mt.write.1.tlog
C:\USERS\ADMINISTRATOR\DESKTOP\游戏类二\游戏类二\DEBUG\PLAY_CHESS.OBJ
C:\Users\Administrator\Desktop\游戏类二\游戏类二\Debug\rc.command.1.tlog
C:\Users\Administrator\Desktop\游戏类二\游戏类二\Debug\rc.read.1.tlog
C:\Users\Administrator\Desktop\游戏类二\游戏类二\Debug\rc.write.1.tlog
C:\Users\Administrator\Desktop\游戏类二\游戏类二\Debug\vc100.idb
C:\USERS\ADMINISTRATOR\DESKTOP\游戏类二\游戏类二\DEBUG\VC100.PDB
C:\USERS\ADMINISTRATOR\DESKTOP\游戏类二\游戏类二\DEBUG\游戏类二.EXE.EMBED.MANIFEST
C:\USERS\ADMINISTRATOR\DESKTOP\游戏类二\游戏类二\DEBUG\游戏类二.EXE.EMBED.MANIFEST.RES
C:\USERS\ADMINISTRATOR\DESKTOP\游戏类二\游戏类二\DEBUG\游戏类二.EXE.INTERMEDIATE.MANIFEST
C:\Users\Administrator\Desktop\游戏类二\游戏类二\Debug\游戏类二_manifest.rc
