生成启动时间为 2016/1/11 10:41:07。
     1>项目“C:\Users\asus1\Desktop\作业\数据结构作业\04.图的应用\图的应用\图的应用\图的应用.vcxproj”在节点 2 上(build 个目标)。
     1>InitializeBuildStatus:
         正在创建“Debug\图的应用.unsuccessfulbuild”，因为已指定“AlwaysCreate”。
       ClCompile:
         g:\Microsoft Visual Studio 10.0\VC\bin\CL.exe /c /ZI /nologo /W3 /WX- /Od /Oy- /D WIN32 /D _DEBUG /D _CONSOLE /D _UNICODE /D UNICODE /Gm /EHsc /RTC1 /MDd /GS /fp:precise /Zc:wchar_t /Zc:forScope /Fo"Debug\\" /Fd"Debug\vc100.pdb" /Gd /TP /analyze- /errorReport:prompt Graph.cpp main.cpp
         main.cpp
         Graph.cpp
         正在生成代码...
     1>c:\users\asus1\desktop\作业\数据结构作业\04.图的应用\图的应用\图的应用\graph.cpp(40): warning C4715: “LocateVex”: 不是所有的控件路径都返回值
       ManifestResourceCompile:
         所有输出均为最新。
       Link:
         g:\Microsoft Visual Studio 10.0\VC\bin\link.exe /ERRORREPORT:PROMPT /OUT:"C:\Users\asus1\Desktop\作业\数据结构作业\04.图的应用\图的应用\Debug\图的应用.exe" /INCREMENTAL /NOLOGO kernel32.lib user32.lib gdi32.lib winspool.lib comdlg32.lib advapi32.lib shell32.lib ole32.lib oleaut32.lib uuid.lib odbc32.lib odbccp32.lib /MANIFEST /ManifestFile:"Debug\图的应用.exe.intermediate.manifest" /MANIFESTUAC:"level='asInvoker' uiAccess='false'" /DEBUG /PDB:"C:\Users\asus1\Desktop\作业\数据结构作业\04.图的应用\图的应用\Debug\图的应用.pdb" /SUBSYSTEM:CONSOLE /TLBID:1 /DYNAMICBASE /NXCOMPAT /IMPLIB:"C:\Users\asus1\Desktop\作业\数据结构作业\04.图的应用\图的应用\Debug\图的应用.lib" /MACHINE:X86 "Debug\图的应用.exe.embed.manifest.res"
         Debug\Graph.obj
         Debug\main.obj
       Manifest:
         C:\Program Files (x86)\Microsoft SDKs\Windows\v7.0A\bin\mt.exe /nologo /verbose /out:"Debug\图的应用.exe.embed.manifest" /manifest "Debug\图的应用.exe.intermediate.manifest"
         所有输出均为最新。
       LinkEmbedManifest:
         所有输出均为最新。
         图的应用.vcxproj -> C:\Users\asus1\Desktop\作业\数据结构作业\04.图的应用\图的应用\Debug\图的应用.exe
       FinalizeBuildStatus:
         正在删除文件“Debug\图的应用.unsuccessfulbuild”。
         正在对“Debug\图的应用.lastbuildstate”执行 Touch 任务。
     1>已完成生成项目“C:\Users\asus1\Desktop\作业\数据结构作业\04.图的应用\图的应用\图的应用\图的应用.vcxproj”(build 个目标)的操作。

生成成功。

已用时间 00:00:04.86
