C:\USERS\ASUS1\DESKTOP\数学类三\DEBUG\数学类三.EXE
C:\USERS\ASUS1\DESKTOP\数学类三\DEBUG\数学类三.ILK
C:\USERS\ASUS1\DESKTOP\数学类三\DEBUG\数学类三.PDB
C:\Users\asus1\Desktop\数学类三\数学类三\Debug\cl.command.1.tlog
C:\Users\asus1\Desktop\数学类三\数学类三\Debug\CL.read.1.tlog
C:\Users\asus1\Desktop\数学类三\数学类三\Debug\CL.write.1.tlog
C:\Users\asus1\Desktop\数学类三\数学类三\Debug\link.1180.read.1.tlog
C:\Users\asus1\Desktop\数学类三\数学类三\Debug\link.1180.write.1.tlog
C:\Users\asus1\Desktop\数学类三\数学类三\Debug\link.1180-cvtres.read.1.tlog
C:\Users\asus1\Desktop\数学类三\数学类三\Debug\link.1180-cvtres.write.1.tlog
C:\Users\asus1\Desktop\数学类三\数学类三\Debug\link.7832.read.1.tlog
C:\Users\asus1\Desktop\数学类三\数学类三\Debug\link.7832.write.1.tlog
C:\Users\asus1\Desktop\数学类三\数学类三\Debug\link.7832-cvtres.read.1.tlog
C:\Users\asus1\Desktop\数学类三\数学类三\Debug\link.7832-cvtres.write.1.tlog
C:\Users\asus1\Desktop\数学类三\数学类三\Debug\link.command.1.tlog
C:\Users\asus1\Desktop\数学类三\数学类三\Debug\link.read.1.tlog
C:\Users\asus1\Desktop\数学类三\数学类三\Debug\link.write.1.tlog
C:\Users\asus1\Desktop\数学类三\数学类三\Debug\link-cvtres.read.1.tlog
C:\Users\asus1\Desktop\数学类三\数学类三\Debug\link-cvtres.write.1.tlog
C:\USERS\ASUS1\DESKTOP\数学类三\数学类三\DEBUG\MAIN.OBJ
C:\Users\asus1\Desktop\数学类三\数学类三\Debug\mt.command.1.tlog
C:\Users\asus1\Desktop\数学类三\数学类三\Debug\mt.read.1.tlog
C:\Users\asus1\Desktop\数学类三\数学类三\Debug\mt.write.1.tlog
C:\Users\asus1\Desktop\数学类三\数学类三\Debug\rc.command.1.tlog
C:\Users\asus1\Desktop\数学类三\数学类三\Debug\rc.read.1.tlog
C:\Users\asus1\Desktop\数学类三\数学类三\Debug\rc.write.1.tlog
C:\Users\asus1\Desktop\数学类三\数学类三\Debug\vc100.idb
C:\USERS\ASUS1\DESKTOP\数学类三\数学类三\DEBUG\VC100.PDB
C:\USERS\ASUS1\DESKTOP\数学类三\数学类三\DEBUG\数学类三.EXE.EMBED.MANIFEST
C:\USERS\ASUS1\DESKTOP\数学类三\数学类三\DEBUG\数学类三.EXE.EMBED.MANIFEST.RES
C:\USERS\ASUS1\DESKTOP\数学类三\数学类三\DEBUG\数学类三.EXE.INTERMEDIATE.MANIFEST
C:\Users\asus1\Desktop\数学类三\数学类三\Debug\数学类三.vcxprojResolveAssemblyReference.cache
C:\Users\asus1\Desktop\数学类三\数学类三\Debug\数学类三.write.1.tlog
C:\Users\asus1\Desktop\数学类三\数学类三\Debug\数学类三_manifest.rc
