C:\USERS\ASUS1\DOCUMENTS\VISUAL STUDIO 2010\PROJECTS\系统类三\DEBUG\系统类三.EXE
C:\USERS\ASUS1\DOCUMENTS\VISUAL STUDIO 2010\PROJECTS\系统类三\DEBUG\系统类三.ILK
C:\USERS\ASUS1\DOCUMENTS\VISUAL STUDIO 2010\PROJECTS\系统类三\DEBUG\系统类三.PDB
c:\Users\asus1\documents\visual studio 2010\Projects\系统类三\系统类三\Debug\cl.command.1.tlog
c:\Users\asus1\documents\visual studio 2010\Projects\系统类三\系统类三\Debug\CL.read.1.tlog
c:\Users\asus1\documents\visual studio 2010\Projects\系统类三\系统类三\Debug\CL.write.1.tlog
c:\Users\asus1\documents\visual studio 2010\Projects\系统类三\系统类三\Debug\link.2604.read.1.tlog
c:\Users\asus1\documents\visual studio 2010\Projects\系统类三\系统类三\Debug\link.2604.write.1.tlog
c:\Users\asus1\documents\visual studio 2010\Projects\系统类三\系统类三\Debug\link.2604-cvtres.read.1.tlog
c:\Users\asus1\documents\visual studio 2010\Projects\系统类三\系统类三\Debug\link.2604-cvtres.write.1.tlog
c:\Users\asus1\documents\visual studio 2010\Projects\系统类三\系统类三\Debug\link.4992.read.1.tlog
c:\Users\asus1\documents\visual studio 2010\Projects\系统类三\系统类三\Debug\link.4992.write.1.tlog
c:\Users\asus1\documents\visual studio 2010\Projects\系统类三\系统类三\Debug\link.4992-cvtres.read.1.tlog
c:\Users\asus1\documents\visual studio 2010\Projects\系统类三\系统类三\Debug\link.4992-cvtres.write.1.tlog
c:\Users\asus1\documents\visual studio 2010\Projects\系统类三\系统类三\Debug\link.command.1.tlog
c:\Users\asus1\documents\visual studio 2010\Projects\系统类三\系统类三\Debug\link.read.1.tlog
c:\Users\asus1\documents\visual studio 2010\Projects\系统类三\系统类三\Debug\link.write.1.tlog
c:\Users\asus1\documents\visual studio 2010\Projects\系统类三\系统类三\Debug\link-cvtres.read.1.tlog
c:\Users\asus1\documents\visual studio 2010\Projects\系统类三\系统类三\Debug\link-cvtres.write.1.tlog
C:\USERS\ASUS1\DOCUMENTS\VISUAL STUDIO 2010\PROJECTS\系统类三\系统类三\DEBUG\MAIN.OBJ
c:\Users\asus1\documents\visual studio 2010\Projects\系统类三\系统类三\Debug\mt.command.1.tlog
c:\Users\asus1\documents\visual studio 2010\Projects\系统类三\系统类三\Debug\mt.read.1.tlog
c:\Users\asus1\documents\visual studio 2010\Projects\系统类三\系统类三\Debug\mt.write.1.tlog
c:\Users\asus1\documents\visual studio 2010\Projects\系统类三\系统类三\Debug\rc.command.1.tlog
c:\Users\asus1\documents\visual studio 2010\Projects\系统类三\系统类三\Debug\rc.read.1.tlog
c:\Users\asus1\documents\visual studio 2010\Projects\系统类三\系统类三\Debug\rc.write.1.tlog
C:\USERS\ASUS1\DOCUMENTS\VISUAL STUDIO 2010\PROJECTS\系统类三\系统类三\DEBUG\SUPERVISE_FUNC.OBJ
c:\Users\asus1\documents\visual studio 2010\Projects\系统类三\系统类三\Debug\vc100.idb
C:\USERS\ASUS1\DOCUMENTS\VISUAL STUDIO 2010\PROJECTS\系统类三\系统类三\DEBUG\VC100.PDB
C:\USERS\ASUS1\DOCUMENTS\VISUAL STUDIO 2010\PROJECTS\系统类三\系统类三\DEBUG\系统类三.EXE.EMBED.MANIFEST
C:\USERS\ASUS1\DOCUMENTS\VISUAL STUDIO 2010\PROJECTS\系统类三\系统类三\DEBUG\系统类三.EXE.EMBED.MANIFEST.RES
C:\USERS\ASUS1\DOCUMENTS\VISUAL STUDIO 2010\PROJECTS\系统类三\系统类三\DEBUG\系统类三.EXE.INTERMEDIATE.MANIFEST
c:\Users\asus1\documents\visual studio 2010\Projects\系统类三\系统类三\Debug\系统类三.vcxprojResolveAssemblyReference.cache
c:\Users\asus1\documents\visual studio 2010\Projects\系统类三\系统类三\Debug\系统类三.write.1.tlog
c:\Users\asus1\documents\visual studio 2010\Projects\系统类三\系统类三\Debug\系统类三_manifest.rc
