生成启动时间为 2015/11/16 16:10:48。
     1>项目“C:\Users\asus1\Desktop\作业\数据结构作业\01.约瑟夫环\约瑟夫环\约瑟夫环\约瑟夫环.vcxproj”在节点 2 上(build 个目标)。
     1>PrepareForBuild:
         正在创建目录“C:\Users\asus1\Desktop\作业\数据结构作业\01.约瑟夫环\约瑟夫环\Debug\”。
       InitializeBuildStatus:
         正在创建“Debug\约瑟夫环.unsuccessfulbuild”，因为已指定“AlwaysCreate”。
       ClCompile:
         g:\Microsoft Visual Studio 10.0\VC\bin\CL.exe /c /ZI /nologo /W3 /WX- /Od /Oy- /D WIN32 /D _DEBUG /D _CONSOLE /D _UNICODE /D UNICODE /Gm /EHsc /RTC1 /MDd /GS /fp:precise /Zc:wchar_t /Zc:forScope /Fo"Debug\\" /Fd"Debug\vc100.pdb" /Gd /TP /analyze- /errorReport:prompt Fuction.cpp main.cpp
         main.cpp
         Fuction.cpp
         正在生成代码...
       ManifestResourceCompile:
         C:\Program Files (x86)\Microsoft SDKs\Windows\v7.0A\bin\rc.exe /nologo /fo"Debug\约瑟夫环.exe.embed.manifest.res" "Debug\约瑟夫环_manifest.rc" 
       Link:
         g:\Microsoft Visual Studio 10.0\VC\bin\link.exe /ERRORREPORT:PROMPT /OUT:"C:\Users\asus1\Desktop\作业\数据结构作业\01.约瑟夫环\约瑟夫环\Debug\约瑟夫环.exe" /INCREMENTAL /NOLOGO kernel32.lib user32.lib gdi32.lib winspool.lib comdlg32.lib advapi32.lib shell32.lib ole32.lib oleaut32.lib uuid.lib odbc32.lib odbccp32.lib /MANIFEST /ManifestFile:"Debug\约瑟夫环.exe.intermediate.manifest" /MANIFESTUAC:"level='asInvoker' uiAccess='false'" /DEBUG /PDB:"C:\Users\asus1\Desktop\作业\数据结构作业\01.约瑟夫环\约瑟夫环\Debug\约瑟夫环.pdb" /SUBSYSTEM:CONSOLE /TLBID:1 /DYNAMICBASE /NXCOMPAT /IMPLIB:"C:\Users\asus1\Desktop\作业\数据结构作业\01.约瑟夫环\约瑟夫环\Debug\约瑟夫环.lib" /MACHINE:X86 "Debug\约瑟夫环.exe.embed.manifest.res"
         Debug\Fuction.obj
         Debug\main.obj
       Manifest:
         C:\Program Files (x86)\Microsoft SDKs\Windows\v7.0A\bin\mt.exe /nologo /verbose /out:"Debug\约瑟夫环.exe.embed.manifest" /manifest "Debug\约瑟夫环.exe.intermediate.manifest"
         C:\Program Files (x86)\Microsoft SDKs\Windows\v7.0A\bin\rc.exe /nologo /fo"Debug\约瑟夫环.exe.embed.manifest.res" "Debug\约瑟夫环_manifest.rc" 
       LinkEmbedManifest:
         g:\Microsoft Visual Studio 10.0\VC\bin\link.exe /ERRORREPORT:PROMPT /OUT:"C:\Users\asus1\Desktop\作业\数据结构作业\01.约瑟夫环\约瑟夫环\Debug\约瑟夫环.exe" /INCREMENTAL /NOLOGO kernel32.lib user32.lib gdi32.lib winspool.lib comdlg32.lib advapi32.lib shell32.lib ole32.lib oleaut32.lib uuid.lib odbc32.lib odbccp32.lib /MANIFEST /ManifestFile:"Debug\约瑟夫环.exe.intermediate.manifest" /MANIFESTUAC:"level='asInvoker' uiAccess='false'" /DEBUG /PDB:"C:\Users\asus1\Desktop\作业\数据结构作业\01.约瑟夫环\约瑟夫环\Debug\约瑟夫环.pdb" /SUBSYSTEM:CONSOLE /TLBID:1 /DYNAMICBASE /NXCOMPAT /IMPLIB:"C:\Users\asus1\Desktop\作业\数据结构作业\01.约瑟夫环\约瑟夫环\Debug\约瑟夫环.lib" /MACHINE:X86 "Debug\约瑟夫环.exe.embed.manifest.res"
         Debug\Fuction.obj
         Debug\main.obj
         约瑟夫环.vcxproj -> C:\Users\asus1\Desktop\作业\数据结构作业\01.约瑟夫环\约瑟夫环\Debug\约瑟夫环.exe
       FinalizeBuildStatus:
         正在删除文件“Debug\约瑟夫环.unsuccessfulbuild”。
         正在对“Debug\约瑟夫环.lastbuildstate”执行 Touch 任务。
     1>已完成生成项目“C:\Users\asus1\Desktop\作业\数据结构作业\01.约瑟夫环\约瑟夫环\约瑟夫环\约瑟夫环.vcxproj”(build 个目标)的操作。

生成成功。

已用时间 00:00:05.34
