C:\USERS\ASUS1\DESKTOP\作业\拓扑排序\DEBUG\拓扑排序.EXE
C:\USERS\ASUS1\DESKTOP\作业\拓扑排序\DEBUG\拓扑排序.ILK
C:\USERS\ASUS1\DESKTOP\作业\拓扑排序\DEBUG\拓扑排序.PDB
C:\Users\asus1\Desktop\作业\拓扑排序\拓扑排序\Debug\cl.command.1.tlog
C:\Users\asus1\Desktop\作业\拓扑排序\拓扑排序\Debug\CL.read.1.tlog
C:\Users\asus1\Desktop\作业\拓扑排序\拓扑排序\Debug\CL.write.1.tlog
C:\Users\asus1\Desktop\作业\拓扑排序\拓扑排序\Debug\link.6808.read.1.tlog
C:\Users\asus1\Desktop\作业\拓扑排序\拓扑排序\Debug\link.6808.write.1.tlog
C:\Users\asus1\Desktop\作业\拓扑排序\拓扑排序\Debug\link.6808-cvtres.read.1.tlog
C:\Users\asus1\Desktop\作业\拓扑排序\拓扑排序\Debug\link.6808-cvtres.write.1.tlog
C:\Users\asus1\Desktop\作业\拓扑排序\拓扑排序\Debug\link.command.1.tlog
C:\Users\asus1\Desktop\作业\拓扑排序\拓扑排序\Debug\link.read.1.tlog
C:\Users\asus1\Desktop\作业\拓扑排序\拓扑排序\Debug\link.write.1.tlog
C:\Users\asus1\Desktop\作业\拓扑排序\拓扑排序\Debug\link-cvtres.read.1.tlog
C:\Users\asus1\Desktop\作业\拓扑排序\拓扑排序\Debug\link-cvtres.write.1.tlog
C:\USERS\ASUS1\DESKTOP\作业\拓扑排序\拓扑排序\DEBUG\MAIN.OBJ
C:\Users\asus1\Desktop\作业\拓扑排序\拓扑排序\Debug\mt.command.1.tlog
C:\Users\asus1\Desktop\作业\拓扑排序\拓扑排序\Debug\mt.read.1.tlog
C:\Users\asus1\Desktop\作业\拓扑排序\拓扑排序\Debug\mt.write.1.tlog
C:\Users\asus1\Desktop\作业\拓扑排序\拓扑排序\Debug\rc.command.1.tlog
C:\Users\asus1\Desktop\作业\拓扑排序\拓扑排序\Debug\rc.read.1.tlog
C:\Users\asus1\Desktop\作业\拓扑排序\拓扑排序\Debug\rc.write.1.tlog
C:\Users\asus1\Desktop\作业\拓扑排序\拓扑排序\Debug\vc100.idb
C:\USERS\ASUS1\DESKTOP\作业\拓扑排序\拓扑排序\DEBUG\VC100.PDB
C:\USERS\ASUS1\DESKTOP\作业\拓扑排序\拓扑排序\DEBUG\拓扑排序.EXE.EMBED.MANIFEST
C:\USERS\ASUS1\DESKTOP\作业\拓扑排序\拓扑排序\DEBUG\拓扑排序.EXE.EMBED.MANIFEST.RES
C:\USERS\ASUS1\DESKTOP\作业\拓扑排序\拓扑排序\DEBUG\拓扑排序.EXE.INTERMEDIATE.MANIFEST
C:\Users\asus1\Desktop\作业\拓扑排序\拓扑排序\Debug\拓扑排序.vcxprojResolveAssemblyReference.cache
C:\Users\asus1\Desktop\作业\拓扑排序\拓扑排序\Debug\拓扑排序.write.1.tlog
C:\Users\asus1\Desktop\作业\拓扑排序\拓扑排序\Debug\拓扑排序_manifest.rc
