生成启动时间为 2015/3/30 21:10:29。
     1>项目“F:\20142863_杨程鑫\前驱和后继\前驱和后继\前驱和后继.vcxproj”在节点 2 上(build 个目标)。
     1>PrepareForBuild:
         正在创建目录“F:\20142863_杨程鑫\前驱和后继\Debug\”。
       InitializeBuildStatus:
         正在创建“Debug\前驱和后继.unsuccessfulbuild”，因为已指定“AlwaysCreate”。
       ClCompile:
         g:\Microsoft Visual Studio 10.0\VC\bin\CL.exe /c /ZI /nologo /W3 /WX- /Od /Oy- /D WIN32 /D _DEBUG /D _CONSOLE /D _UNICODE /D UNICODE /Gm /EHsc /RTC1 /MDd /GS /fp:precise /Zc:wchar_t /Zc:forScope /Fo"Debug\\" /Fd"Debug\vc100.pdb" /Gd /TP /analyze- /errorReport:prompt "前驱和后继.cpp"
         前驱和后继.cpp
       ManifestResourceCompile:
         C:\Program Files (x86)\Microsoft SDKs\Windows\v7.0A\bin\rc.exe /nologo /fo"Debug\前驱和后继.exe.embed.manifest.res" "Debug\前驱和后继_manifest.rc" 
       Link:
         g:\Microsoft Visual Studio 10.0\VC\bin\link.exe /ERRORREPORT:PROMPT /OUT:"F:\20142863_杨程鑫\前驱和后继\Debug\前驱和后继.exe" /INCREMENTAL /NOLOGO kernel32.lib user32.lib gdi32.lib winspool.lib comdlg32.lib advapi32.lib shell32.lib ole32.lib oleaut32.lib uuid.lib odbc32.lib odbccp32.lib /MANIFEST /ManifestFile:"Debug\前驱和后继.exe.intermediate.manifest" /MANIFESTUAC:"level='asInvoker' uiAccess='false'" /DEBUG /PDB:"F:\20142863_杨程鑫\前驱和后继\Debug\前驱和后继.pdb" /SUBSYSTEM:CONSOLE /TLBID:1 /DYNAMICBASE /NXCOMPAT /IMPLIB:"F:\20142863_杨程鑫\前驱和后继\Debug\前驱和后继.lib" /MACHINE:X86 "Debug\前驱和后继.exe.embed.manifest.res"
         "Debug\前驱和后继.obj"
       Manifest:
         C:\Program Files (x86)\Microsoft SDKs\Windows\v7.0A\bin\mt.exe /nologo /verbose /out:"Debug\前驱和后继.exe.embed.manifest" /manifest "Debug\前驱和后继.exe.intermediate.manifest"
         
     1>mt.exe : general error c101008a: Failed to save the updated manifest to the file "Debug\Mqg.exe.embed.manifest". Bpo
         
     1>已完成生成项目“F:\20142863_杨程鑫\前驱和后继\前驱和后继\前驱和后继.vcxproj”(build 个目标)的操作 - 失败。

生成失败。

已用时间 00:00:01.18
