C:\USERS\ADMINISTRATOR\DOCUMENTS\VISUAL STUDIO 2010\PROJECTS\数学类五\DEBUG\数学类五.EXE
C:\USERS\ADMINISTRATOR\DOCUMENTS\VISUAL STUDIO 2010\PROJECTS\数学类五\DEBUG\数学类五.ILK
C:\USERS\ADMINISTRATOR\DOCUMENTS\VISUAL STUDIO 2010\PROJECTS\数学类五\DEBUG\数学类五.PDB
C:\USERS\ADMINISTRATOR\DOCUMENTS\VISUAL STUDIO 2010\PROJECTS\数学类五\数学类五\DEBUG\GAUSS.OBJ
C:\USERS\ADMINISTRATOR\DOCUMENTS\VISUAL STUDIO 2010\PROJECTS\数学类五\数学类五\DEBUG\MAIN.OBJ
C:\USERS\ADMINISTRATOR\DOCUMENTS\VISUAL STUDIO 2010\PROJECTS\数学类五\数学类五\DEBUG\VC100.PDB
C:\USERS\ADMINISTRATOR\DOCUMENTS\VISUAL STUDIO 2010\PROJECTS\数学类五\数学类五\DEBUG\数学类五.EXE.EMBED.MANIFEST
C:\USERS\ADMINISTRATOR\DOCUMENTS\VISUAL STUDIO 2010\PROJECTS\数学类五\数学类五\DEBUG\数学类五.EXE.EMBED.MANIFEST.RES
C:\USERS\ADMINISTRATOR\DOCUMENTS\VISUAL STUDIO 2010\PROJECTS\数学类五\数学类五\DEBUG\数学类五.EXE.INTERMEDIATE.MANIFEST
E:\15年暑假小学期\数学类\数学类五\Debug\数学类五.exe
E:\15年暑假小学期\数学类\数学类五\Debug\数学类五.ilk
E:\15年暑假小学期\数学类\数学类五\Debug\数学类五.pdb
E:\15年暑假小学期\数学类\数学类五\数学类五\Debug\cl.command.1.tlog
E:\15年暑假小学期\数学类\数学类五\数学类五\Debug\CL.read.1.tlog
E:\15年暑假小学期\数学类\数学类五\数学类五\Debug\CL.write.1.tlog
E:\15年暑假小学期\数学类\数学类五\数学类五\Debug\gauss.obj
E:\15年暑假小学期\数学类\数学类五\数学类五\Debug\link.command.1.tlog
E:\15年暑假小学期\数学类\数学类五\数学类五\Debug\link.read.1.tlog
E:\15年暑假小学期\数学类\数学类五\数学类五\Debug\link.write.1.tlog
E:\15年暑假小学期\数学类\数学类五\数学类五\Debug\link-cvtres.read.1.tlog
E:\15年暑假小学期\数学类\数学类五\数学类五\Debug\link-cvtres.write.1.tlog
E:\15年暑假小学期\数学类\数学类五\数学类五\Debug\main.obj
E:\15年暑假小学期\数学类\数学类五\数学类五\Debug\mt.command.1.tlog
E:\15年暑假小学期\数学类\数学类五\数学类五\Debug\mt.read.1.tlog
E:\15年暑假小学期\数学类\数学类五\数学类五\Debug\mt.write.1.tlog
E:\15年暑假小学期\数学类\数学类五\数学类五\Debug\rc.command.1.tlog
E:\15年暑假小学期\数学类\数学类五\数学类五\Debug\rc.read.1.tlog
E:\15年暑假小学期\数学类\数学类五\数学类五\Debug\rc.write.1.tlog
E:\15年暑假小学期\数学类\数学类五\数学类五\Debug\vc100.idb
E:\15年暑假小学期\数学类\数学类五\数学类五\Debug\vc100.pdb
E:\15年暑假小学期\数学类\数学类五\数学类五\Debug\数学类五.exe.embed.manifest
E:\15年暑假小学期\数学类\数学类五\数学类五\Debug\数学类五.exe.embed.manifest.res
E:\15年暑假小学期\数学类\数学类五\数学类五\Debug\数学类五.exe.intermediate.manifest
E:\15年暑假小学期\数学类\数学类五\数学类五\Debug\数学类五_manifest.rc
