生成启动时间为 2015/7/14 20:21:48。
     1>项目“F:\15年暑假小学期\数学类\数学类五\数学类五\数学类五.vcxproj”在节点 2 上(build 个目标)。
     1>InitializeBuildStatus:
         正在创建“Debug\数学类五.unsuccessfulbuild”，因为已指定“AlwaysCreate”。
       ClCompile:
         g:\Microsoft Visual Studio 10.0\VC\bin\CL.exe /c /ZI /nologo /W3 /WX- /Od /Oy- /D WIN32 /D _DEBUG /D _CONSOLE /D _UNICODE /D UNICODE /Gm /EHsc /RTC1 /MDd /GS /fp:precise /Zc:wchar_t /Zc:forScope /Fo"Debug\\" /Fd"Debug\vc100.pdb" /Gd /TP /analyze- /errorReport:prompt gauss.cpp main.cpp
         正在跳过...(未检测到相关更改)
         main.cpp
         gauss.cpp
       ManifestResourceCompile:
         C:\Program Files (x86)\Microsoft SDKs\Windows\v7.0A\bin\rc.exe /nologo /fo"Debug\数学类五.exe.embed.manifest.res" "Debug\数学类五_manifest.rc" 
       Link:
         g:\Microsoft Visual Studio 10.0\VC\bin\link.exe /ERRORREPORT:PROMPT /OUT:"F:\15年暑假小学期\数学类\数学类五\Debug\数学类五.exe" /INCREMENTAL /NOLOGO kernel32.lib user32.lib gdi32.lib winspool.lib comdlg32.lib advapi32.lib shell32.lib ole32.lib oleaut32.lib uuid.lib odbc32.lib odbccp32.lib /MANIFEST /ManifestFile:"Debug\数学类五.exe.intermediate.manifest" /MANIFESTUAC:"level='asInvoker' uiAccess='false'" /DEBUG /PDB:"F:\15年暑假小学期\数学类\数学类五\Debug\数学类五.pdb" /SUBSYSTEM:CONSOLE /TLBID:1 /DYNAMICBASE /NXCOMPAT /IMPLIB:"F:\15年暑假小学期\数学类\数学类五\Debug\数学类五.lib" /MACHINE:X86 "Debug\数学类五.exe.embed.manifest.res"
         Debug\gauss.obj
         Debug\main.obj
       Manifest:
         C:\Program Files (x86)\Microsoft SDKs\Windows\v7.0A\bin\mt.exe /nologo /verbose /out:"Debug\数学类五.exe.embed.manifest" /manifest "Debug\数学类五.exe.intermediate.manifest"
         C:\Program Files (x86)\Microsoft SDKs\Windows\v7.0A\bin\rc.exe /nologo /fo"Debug\数学类五.exe.embed.manifest.res" "Debug\数学类五_manifest.rc" 
       LinkEmbedManifest:
         g:\Microsoft Visual Studio 10.0\VC\bin\link.exe /ERRORREPORT:PROMPT /OUT:"F:\15年暑假小学期\数学类\数学类五\Debug\数学类五.exe" /INCREMENTAL /NOLOGO kernel32.lib user32.lib gdi32.lib winspool.lib comdlg32.lib advapi32.lib shell32.lib ole32.lib oleaut32.lib uuid.lib odbc32.lib odbccp32.lib /MANIFEST /ManifestFile:"Debug\数学类五.exe.intermediate.manifest" /MANIFESTUAC:"level='asInvoker' uiAccess='false'" /DEBUG /PDB:"F:\15年暑假小学期\数学类\数学类五\Debug\数学类五.pdb" /SUBSYSTEM:CONSOLE /TLBID:1 /DYNAMICBASE /NXCOMPAT /IMPLIB:"F:\15年暑假小学期\数学类\数学类五\Debug\数学类五.lib" /MACHINE:X86 "Debug\数学类五.exe.embed.manifest.res"
         Debug\gauss.obj
         Debug\main.obj
         数学类五.vcxproj -> F:\15年暑假小学期\数学类\数学类五\Debug\数学类五.exe
       FinalizeBuildStatus:
         正在删除文件“Debug\数学类五.unsuccessfulbuild”。
         正在对“Debug\数学类五.lastbuildstate”执行 Touch 任务。
     1>已完成生成项目“F:\15年暑假小学期\数学类\数学类五\数学类五\数学类五.vcxproj”(build 个目标)的操作。

生成成功。

已用时间 00:00:05.50
